<?xml version="1.0" encoding="UTF-8"?>
<testsuites name="jest tests" tests="11" failures="1" errors="0" time="19.004">
  <testsuite name="src/components/test/NewPost.test.tsx" errors="0" failures="0" skipped="0" timestamp="2021-03-31T15:20:22" time="5.508" tests="1">
    <testcase classname="NewPost" name="renders without crashing" time="0.036">
    </testcase>
  </testsuite>
  <testsuite name="src/components/test/Feed.test.tsx" errors="0" failures="0" skipped="0" timestamp="2021-03-31T15:20:28" time="1.097" tests="1">
    <testcase classname="Feed" name="renders without crashing" time="0.005">
    </testcase>
  </testsuite>
  <testsuite name="src/components/test/ProfileBlock.test.tsx" errors="0" failures="0" skipped="0" timestamp="2021-03-31T15:20:29" time="0.877" tests="1">
    <testcase classname="Profile" name="renders without crashing" time="0.004">
    </testcase>
  </testsuite>
  <testsuite name="src/components/test/PostList.test.tsx" errors="0" failures="0" skipped="0" timestamp="2021-03-31T15:20:30" time="0.601" tests="1">
    <testcase classname="PostList" name="renders without crashing" time="0.002">
    </testcase>
  </testsuite>
  <testsuite name="src/App.test.tsx" errors="0" failures="0" skipped="0" timestamp="2021-03-31T15:20:22" time="15.263" tests="2">
    <testcase classname="" name="renders without crashing" time="0.021">
    </testcase>
    <testcase classname="testEnabler" name="enables testing" time="0.003">
    </testcase>
  </testsuite>
  <testsuite name="src/components/test/Header.test.tsx" errors="0" failures="0" skipped="0" timestamp="2021-03-31T15:20:22" time="15.299" tests="1">
    <testcase classname="Header" name="renders without crashing" time="0.019">
    </testcase>
  </testsuite>
  <testsuite name="src/components/test/Login.test.tsx" errors="0" failures="1" skipped="0" timestamp="2021-03-31T15:20:22" time="15.553" tests="4">
    <testcase classname="Login Component is logged out" name="renders without crashing" time="0.018">
    </testcase>
    <testcase classname="Login Component is logged out" name="button triggers login sequence" time="0.015">
    </testcase>
    <testcase classname="Login Component is logged in" name="renders without crashing" time="0.002">
    </testcase>
    <testcase classname="Login Component is logged in" name="button triggers logout sequence" time="0.01">
      <failure>Error: expect(jest.fn()).toHaveBeenCalled()

Expected number of calls: &gt;= 1
Received number of calls:    0
    at Object.&lt;anonymous&gt; (/home/joshua/Github/example-client/src/components/test/Login.test.tsx:71:31)
    at Object.asyncJestTest (/home/joshua/Github/example-client/node_modules/jest-jasmine2/build/jasmineAsyncInstall.js:106:37)
    at /home/joshua/Github/example-client/node_modules/jest-jasmine2/build/queueRunner.js:45:12
    at new Promise (&lt;anonymous&gt;)
    at mapper (/home/joshua/Github/example-client/node_modules/jest-jasmine2/build/queueRunner.js:28:19)
    at /home/joshua/Github/example-client/node_modules/jest-jasmine2/build/queueRunner.js:75:41
    at processTicksAndRejections (internal/process/task_queues.js:93:5)</failure>
    </testcase>
  </testsuite>
</testsuites>