<?xml version="1.0" encoding="UTF-8"?>
<testsuites name="jest tests" tests="4" failures="0" errors="0" time="2.697">
  <testsuite name="src/App.test.tsx" errors="0" failures="0" skipped="0" timestamp="2021-03-17T22:20:17" time="1.553" tests="2">
    <testcase classname="" name="renders without crashing" time="0.008">
    </testcase>
    <testcase classname="testEnabler" name="enables testing" time="0.001">
    </testcase>
  </testsuite>
  <testsuite name="src/components/Counter.test.tsx" errors="0" failures="0" skipped="0" timestamp="2021-03-17T22:20:17" time="1.554" tests="2">
    <testcase classname="initial state" name="renders 0" time="0.008">
    </testcase>
    <testcase classname="onClick" name="increments when clicked" time="0.006">
    </testcase>
  </testsuite>
</testsuites>